Started at Sun May 31 15:44:01 UTC 2020
Processing ansible-test
Offering ansible-test to Project Build Discarder
Processing my-first-job
Offering my-first-job to Project Build Discarder
Processing remote-task
Offering remote-task to Project Build Discarder
Finished at Sun May 31 15:44:01 UTC 2020. 6ms
Started at Sun May 31 16:44:01 UTC 2020
Processing ansible-test
Offering ansible-test to Project Build Discarder
Processing my-first-job
Offering my-first-job to Project Build Discarder
Processing remote-task
Offering remote-task to Project Build Discarder
Finished at Sun May 31 16:44:01 UTC 2020. 7ms
Started at Sun May 31 17:44:01 UTC 2020
Processing ansible-test
Offering ansible-test to Project Build Discarder
Processing my-first-job
Offering my-first-job to Project Build Discarder
Processing remote-task
Offering remote-task to Project Build Discarder
Finished at Sun May 31 17:44:01 UTC 2020. 2ms
Started at Sun May 31 18:44:01 UTC 2020
Processing ansible-test
Offering ansible-test to Project Build Discarder
Processing my-first-job
Offering my-first-job to Project Build Discarder
Processing remote-task
Offering remote-task to Project Build Discarder
Finished at Sun May 31 18:44:01 UTC 2020. 1ms
Started at Sun May 31 19:44:01 UTC 2020
Processing ansible-test
Offering ansible-test to Project Build Discarder
Processing my-first-job
Offering my-first-job to Project Build Discarder
Processing remote-task
Offering remote-task to Project Build Discarder
Finished at Sun May 31 19:44:01 UTC 2020. 6ms
Started at Sun May 31 20:44:01 UTC 2020
Processing ansible-test
Offering ansible-test to Project Build Discarder
Processing my-first-job
Offering my-first-job to Project Build Discarder
Processing remote-task
Offering remote-task to Project Build Discarder
Finished at Sun May 31 20:44:01 UTC 2020. 1ms
Started at Sun May 31 21:44:01 UTC 2020
Processing ansible-test
Offering ansible-test to Project Build Discarder
Processing my-first-job
Offering my-first-job to Project Build Discarder
Processing remote-task
Offering remote-task to Project Build Discarder
Finished at Sun May 31 21:44:01 UTC 2020. 3ms
Started at Sun May 31 22:44:01 UTC 2020
Processing ansible-test
Offering ansible-test to Project Build Discarder
Processing my-first-job
Offering my-first-job to Project Build Discarder
Processing remote-task
Offering remote-task to Project Build Discarder
Finished at Sun May 31 22:44:01 UTC 2020. 2ms
Started at Sun May 31 23:44:01 UTC 2020
Processing ansible-test
Offering ansible-test to Project Build Discarder
Processing my-first-job
Offering my-first-job to Project Build Discarder
Processing remote-task
Offering remote-task to Project Build Discarder
Finished at Sun May 31 23:44:01 UTC 2020. 4ms
